/Library/Developer/CommandLineTools/usr/bin/python3: can't open file '/Users/nihalvootkoor/Downloads/Auto Supply Chain/scripts/refresh_pipeline.py': [Errno 1] Operation not permitted
/Library/Developer/CommandLineTools/usr/bin/python3: can't open file '/Users/nihalvootkoor/Downloads/Auto Supply Chain/scripts/refresh_pipeline.py': [Errno 1] Operation not permitted
/Library/Developer/CommandLineTools/usr/bin/python3: can't open file '/Users/nihalvootkoor/Downloads/Auto Supply Chain/scripts/refresh_pipeline.py': [Errno 1] Operation not permitted
/Library/Developer/CommandLineTools/usr/bin/python3: can't open file '/Users/nihalvootkoor/Downloads/Auto Supply Chain/scripts/refresh_pipeline.py': [Errno 1] Operation not permitted
/Library/Developer/CommandLineTools/usr/bin/python3: can't open file '/Users/nihalvootkoor/Downloads/Auto Supply Chain/scripts/refresh_pipeline.py': [Errno 1] Operation not permitted
/Library/Developer/CommandLineTools/usr/bin/python3: can't open file '/Users/nihalvootkoor/Downloads/Auto Supply Chain/scripts/refresh_pipeline.py': [Errno 1] Operation not permitted
/Library/Developer/CommandLineTools/usr/bin/python3: can't open file '/Users/nihalvootkoor/Downloads/Auto Supply Chain/scripts/refresh_pipeline.py': [Errno 1] Operation not permitted
/Library/Developer/CommandLineTools/usr/bin/python3: can't open file '/Users/nihalvootkoor/Downloads/Auto Supply Chain/scripts/refresh_pipeline.py': [Errno 1] Operation not permitted
/Library/Developer/CommandLineTools/usr/bin/python3: can't open file '/Users/nihalvootkoor/Downloads/Auto Supply Chain/scripts/refresh_pipeline.py': [Errno 1] Operation not permitted
/Library/Developer/CommandLineTools/usr/bin/python3: can't open file '/Users/nihalvootkoor/Downloads/Auto Supply Chain/scripts/refresh_pipeline.py': [Errno 1] Operation not permitted
/Library/Developer/CommandLineTools/usr/bin/python3: can't open file '/Users/nihalvootkoor/Downloads/Auto Supply Chain/scripts/refresh_pipeline.py': [Errno 1] Operation not permitted
/Library/Developer/CommandLineTools/usr/bin/python3: can't open file '/Users/nihalvootkoor/Downloads/Auto Supply Chain/scripts/refresh_pipeline.py': [Errno 1] Operation not permitted
/Library/Developer/CommandLineTools/usr/bin/python3: can't open file '/Users/nihalvootkoor/Downloads/Auto Supply Chain/scripts/refresh_pipeline.py': [Errno 1] Operation not permitted
/Library/Developer/CommandLineTools/usr/bin/python3: can't open file '/Users/nihalvootkoor/Downloads/Auto Supply Chain/scripts/refresh_pipeline.py': [Errno 1] Operation not permitted
/Library/Developer/CommandLineTools/usr/bin/python3: can't open file '/Users/nihalvootkoor/Downloads/Auto Supply Chain/scripts/refresh_pipeline.py': [Errno 1] Operation not permitted
/Library/Developer/CommandLineTools/usr/bin/python3: can't open file '/Users/nihalvootkoor/Downloads/Auto Supply Chain/scripts/refresh_pipeline.py': [Errno 1] Operation not permitted
/Library/Developer/CommandLineTools/usr/bin/python3: can't open file '/Users/nihalvootkoor/Downloads/Auto Supply Chain/scripts/refresh_pipeline.py': [Errno 1] Operation not permitted
/Library/Developer/CommandLineTools/usr/bin/python3: can't open file '/Users/nihalvootkoor/Downloads/Auto Supply Chain/scripts/refresh_pipeline.py': [Errno 1] Operation not permitted
/Library/Developer/CommandLineTools/usr/bin/python3: can't open file '/Users/nihalvootkoor/Downloads/Auto Supply Chain/scripts/refresh_pipeline.py': [Errno 1] Operation not permitted
/Library/Developer/CommandLineTools/usr/bin/python3: can't open file '/Users/nihalvootkoor/Downloads/Auto Supply Chain/scripts/refresh_pipeline.py': [Errno 1] Operation not permitted
/Library/Developer/CommandLineTools/usr/bin/python3: can't open file '/Users/nihalvootkoor/Downloads/Auto Supply Chain/scripts/refresh_pipeline.py': [Errno 1] Operation not permitted
/Library/Developer/CommandLineTools/usr/bin/python3: can't open file '/Users/nihalvootkoor/Downloads/Auto Supply Chain/scripts/refresh_pipeline.py': [Errno 1] Operation not permitted
/Library/Developer/CommandLineTools/usr/bin/python3: can't open file '/Users/nihalvootkoor/Downloads/Auto Supply Chain/scripts/refresh_pipeline.py': [Errno 1] Operation not permitted
/Library/Developer/CommandLineTools/usr/bin/python3: can't open file '/Users/nihalvootkoor/Downloads/Auto Supply Chain/scripts/refresh_pipeline.py': [Errno 1] Operation not permitted
/Library/Developer/CommandLineTools/usr/bin/python3: can't open file '/Users/nihalvootkoor/Downloads/Auto Supply Chain/scripts/refresh_pipeline.py': [Errno 1] Operation not permitted
/Library/Developer/CommandLineTools/usr/bin/python3: can't open file '/Users/nihalvootkoor/Downloads/Auto Supply Chain/scripts/refresh_pipeline.py': [Errno 1] Operation not permitted
/Library/Developer/CommandLineTools/usr/bin/python3: can't open file '/Users/nihalvootkoor/Downloads/Auto Supply Chain/scripts/refresh_pipeline.py': [Errno 1] Operation not permitted
/Library/Developer/CommandLineTools/usr/bin/python3: can't open file '/Users/nihalvootkoor/Downloads/Auto Supply Chain/scripts/refresh_pipeline.py': [Errno 1] Operation not permitted
/Library/Developer/CommandLineTools/usr/bin/python3: can't open file '/Users/nihalvootkoor/Downloads/Auto Supply Chain/scripts/refresh_pipeline.py': [Errno 1] Operation not permitted
/Library/Developer/CommandLineTools/usr/bin/python3: can't open file '/Users/nihalvootkoor/Downloads/Auto Supply Chain/scripts/refresh_pipeline.py': [Errno 1] Operation not permitted
/Library/Developer/CommandLineTools/usr/bin/python3: can't open file '/Users/nihalvootkoor/Downloads/Auto Supply Chain/scripts/refresh_pipeline.py': [Errno 1] Operation not permitted
/Library/Developer/CommandLineTools/usr/bin/python3: can't open file '/Users/nihalvootkoor/Downloads/Auto Supply Chain/scripts/refresh_pipeline.py': [Errno 1] Operation not permitted
/Library/Developer/CommandLineTools/usr/bin/python3: can't open file '/Users/nihalvootkoor/Downloads/Auto Supply Chain/scripts/refresh_pipeline.py': [Errno 1] Operation not permitted
/Library/Developer/CommandLineTools/usr/bin/python3: can't open file '/Users/nihalvootkoor/Downloads/Auto Supply Chain/scripts/refresh_pipeline.py': [Errno 1] Operation not permitted
/Library/Developer/CommandLineTools/usr/bin/python3: can't open file '/Users/nihalvootkoor/Downloads/Auto Supply Chain/scripts/refresh_pipeline.py': [Errno 1] Operation not permitted
/Library/Developer/CommandLineTools/usr/bin/python3: can't open file '/Users/nihalvootkoor/Downloads/Auto Supply Chain/scripts/refresh_pipeline.py': [Errno 1] Operation not permitted
/Library/Developer/CommandLineTools/usr/bin/python3: can't open file '/Users/nihalvootkoor/Downloads/Auto Supply Chain/scripts/refresh_pipeline.py': [Errno 1] Operation not permitted
/Library/Developer/CommandLineTools/usr/bin/python3: can't open file '/Users/nihalvootkoor/Downloads/Auto Supply Chain/scripts/refresh_pipeline.py': [Errno 1] Operation not permitted
/Library/Developer/CommandLineTools/usr/bin/python3: can't open file '/Users/nihalvootkoor/Downloads/Auto Supply Chain/scripts/refresh_pipeline.py': [Errno 1] Operation not permitted
/Library/Developer/CommandLineTools/usr/bin/python3: can't open file '/Users/nihalvootkoor/Downloads/Auto Supply Chain/scripts/refresh_pipeline.py': [Errno 1] Operation not permitted
/Library/Developer/CommandLineTools/usr/bin/python3: can't open file '/Users/nihalvootkoor/Downloads/Auto Supply Chain/scripts/refresh_pipeline.py': [Errno 1] Operation not permitted
/Library/Developer/CommandLineTools/usr/bin/python3: can't open file '/Users/nihalvootkoor/Downloads/Auto Supply Chain/scripts/refresh_pipeline.py': [Errno 1] Operation not permitted
/Library/Developer/CommandLineTools/usr/bin/python3: can't open file '/Users/nihalvootkoor/Downloads/Auto Supply Chain/scripts/refresh_pipeline.py': [Errno 1] Operation not permitted
/Library/Developer/CommandLineTools/usr/bin/python3: can't open file '/Users/nihalvootkoor/Downloads/Auto Supply Chain/scripts/refresh_pipeline.py': [Errno 1] Operation not permitted
/Library/Developer/CommandLineTools/usr/bin/python3: can't open file '/Users/nihalvootkoor/Downloads/Auto Supply Chain/scripts/refresh_pipeline.py': [Errno 1] Operation not permitted
/Library/Developer/CommandLineTools/usr/bin/python3: can't open file '/Users/nihalvootkoor/Downloads/Auto Supply Chain/scripts/refresh_pipeline.py': [Errno 1] Operation not permitted
/Library/Developer/CommandLineTools/usr/bin/python3: can't open file '/Users/nihalvootkoor/Downloads/Auto Supply Chain/scripts/refresh_pipeline.py': [Errno 1] Operation not permitted
/Library/Developer/CommandLineTools/usr/bin/python3: can't open file '/Users/nihalvootkoor/Downloads/Auto Supply Chain/scripts/refresh_pipeline.py': [Errno 1] Operation not permitted
/Library/Developer/CommandLineTools/usr/bin/python3: can't open file '/Users/nihalvootkoor/Downloads/Auto Supply Chain/scripts/refresh_pipeline.py': [Errno 1] Operation not permitted
/Library/Developer/CommandLineTools/usr/bin/python3: can't open file '/Users/nihalvootkoor/Downloads/Auto Supply Chain/scripts/refresh_pipeline.py': [Errno 1] Operation not permitted
/Library/Developer/CommandLineTools/usr/bin/python3: can't open file '/Users/nihalvootkoor/Downloads/Auto Supply Chain/scripts/refresh_pipeline.py': [Errno 1] Operation not permitted
/Library/Developer/CommandLineTools/usr/bin/python3: can't open file '/Users/nihalvootkoor/Downloads/Auto Supply Chain/scripts/refresh_pipeline.py': [Errno 1] Operation not permitted
/Library/Developer/CommandLineTools/usr/bin/python3: can't open file '/Users/nihalvootkoor/Downloads/Auto Supply Chain/scripts/refresh_pipeline.py': [Errno 1] Operation not permitted
/Library/Developer/CommandLineTools/usr/bin/python3: can't open file '/Users/nihalvootkoor/Downloads/Auto Supply Chain/scripts/refresh_pipeline.py': [Errno 1] Operation not permitted
/Library/Developer/CommandLineTools/usr/bin/python3: can't open file '/Users/nihalvootkoor/Downloads/Auto Supply Chain/scripts/refresh_pipeline.py': [Errno 1] Operation not permitted
/Library/Developer/CommandLineTools/usr/bin/python3: can't open file '/Users/nihalvootkoor/Downloads/Auto Supply Chain/scripts/refresh_pipeline.py': [Errno 1] Operation not permitted
/Library/Developer/CommandLineTools/usr/bin/python3: can't open file '/Users/nihalvootkoor/Downloads/Auto Supply Chain/scripts/refresh_pipeline.py': [Errno 1] Operation not permitted
/Library/Developer/CommandLineTools/usr/bin/python3: can't open file '/Users/nihalvootkoor/Downloads/Auto Supply Chain/scripts/refresh_pipeline.py': [Errno 1] Operation not permitted
/Library/Developer/CommandLineTools/usr/bin/python3: can't open file '/Users/nihalvootkoor/Downloads/Auto Supply Chain/scripts/refresh_pipeline.py': [Errno 1] Operation not permitted
/Library/Developer/CommandLineTools/usr/bin/python3: can't open file '/Users/nihalvootkoor/Downloads/Auto Supply Chain/scripts/refresh_pipeline.py': [Errno 1] Operation not permitted
/Library/Developer/CommandLineTools/usr/bin/python3: can't open file '/Users/nihalvootkoor/Downloads/Auto Supply Chain/scripts/refresh_pipeline.py': [Errno 1] Operation not permitted
/Library/Developer/CommandLineTools/usr/bin/python3: can't open file '/Users/nihalvootkoor/Downloads/Auto Supply Chain/scripts/refresh_pipeline.py': [Errno 1] Operation not permitted
/Library/Developer/CommandLineTools/usr/bin/python3: can't open file '/Users/nihalvootkoor/Downloads/Auto Supply Chain/scripts/refresh_pipeline.py': [Errno 1] Operation not permitted
/Library/Developer/CommandLineTools/usr/bin/python3: can't open file '/Users/nihalvootkoor/Downloads/Auto Supply Chain/scripts/refresh_pipeline.py': [Errno 1] Operation not permitted
/Library/Developer/CommandLineTools/usr/bin/python3: can't open file '/Users/nihalvootkoor/Downloads/Auto Supply Chain/scripts/refresh_pipeline.py': [Errno 1] Operation not permitted
/Library/Developer/CommandLineTools/usr/bin/python3: can't open file '/Users/nihalvootkoor/Downloads/Auto Supply Chain/scripts/refresh_pipeline.py': [Errno 1] Operation not permitted
shell-init: error retrieving current directory: getcwd: cannot access parent directories: Operation not permitted
/bin/bash: /Users/nihalvootkoor/Downloads/Auto Supply Chain/scripts/run_refresh.sh: Operation not permitted
shell-init: error retrieving current directory: getcwd: cannot access parent directories: Operation not permitted
/bin/bash: /Users/nihalvootkoor/Downloads/Auto Supply Chain/scripts/run_refresh.sh: Operation not permitted
Traceback (most recent call last):
  File "/Users/nihalvootkoor/Documents/AutoSupplyChain/src/storage.py", line 208, in upsert_raw_articles
    cur.executemany(
psycopg2.OperationalError: server closed the connection unexpectedly
	This probably means the server terminated abnormally
	before or while processing the request.
server closed the connection unexpectedly
	This probably means the server terminated abnormally
	before or while processing the request.


During handling of the above exception, another exception occurred:

Traceback (most recent call last):
  File "/Users/nihalvootkoor/Documents/AutoSupplyChain/scripts/refresh_pipeline.py", line 60, in <module>
    raise SystemExit(main())
  File "/Users/nihalvootkoor/Documents/AutoSupplyChain/scripts/refresh_pipeline.py", line 40, in main
    stats = run_pipeline(config)
  File "/Users/nihalvootkoor/Documents/AutoSupplyChain/src/rss_ingest.py", line 235, in run_pipeline
    upsert_raw_articles(paths, [raw_to_row(article) for article in articles])
  File "/Users/nihalvootkoor/Documents/AutoSupplyChain/src/storage.py", line 208, in upsert_raw_articles
    cur.executemany(
psycopg2.InterfaceError: connection already closed
Traceback (most recent call last):
  File "/Users/nihalvootkoor/Documents/AutoSupplyChain/src/storage.py", line 208, in upsert_raw_articles
    cur.executemany(
psycopg2.OperationalError: server closed the connection unexpectedly
	This probably means the server terminated abnormally
	before or while processing the request.
server closed the connection unexpectedly
	This probably means the server terminated abnormally
	before or while processing the request.


During handling of the above exception, another exception occurred:

Traceback (most recent call last):
  File "/Users/nihalvootkoor/Documents/AutoSupplyChain/scripts/refresh_pipeline.py", line 60, in <module>
    raise SystemExit(main())
  File "/Users/nihalvootkoor/Documents/AutoSupplyChain/scripts/refresh_pipeline.py", line 40, in main
    stats = run_pipeline(config)
  File "/Users/nihalvootkoor/Documents/AutoSupplyChain/src/rss_ingest.py", line 235, in run_pipeline
    upsert_raw_articles(paths, [raw_to_row(article) for article in articles])
  File "/Users/nihalvootkoor/Documents/AutoSupplyChain/src/storage.py", line 208, in upsert_raw_articles
    cur.executemany(
psycopg2.InterfaceError: connection already closed
Traceback (most recent call last):
  File "/Users/nihalvootkoor/Documents/AutoSupplyChain/src/storage.py", line 208, in upsert_raw_articles
    cur.executemany(
psycopg2.OperationalError: server closed the connection unexpectedly
	This probably means the server terminated abnormally
	before or while processing the request.
server closed the connection unexpectedly
	This probably means the server terminated abnormally
	before or while processing the request.


During handling of the above exception, another exception occurred:

Traceback (most recent call last):
  File "/Users/nihalvootkoor/Documents/AutoSupplyChain/scripts/refresh_pipeline.py", line 60, in <module>
    raise SystemExit(main())
  File "/Users/nihalvootkoor/Documents/AutoSupplyChain/scripts/refresh_pipeline.py", line 40, in main
    stats = run_pipeline(config)
  File "/Users/nihalvootkoor/Documents/AutoSupplyChain/src/rss_ingest.py", line 235, in run_pipeline
    upsert_raw_articles(paths, [raw_to_row(article) for article in articles])
  File "/Users/nihalvootkoor/Documents/AutoSupplyChain/src/storage.py", line 208, in upsert_raw_articles
    cur.executemany(
psycopg2.InterfaceError: connection already closed
ERROR: Failed to initialize database: could not translate host name "aws-1-us-east-2.pooler.supabase.com" to address: nodename nor servname provided, or not known

Failed to ingest https://www.globaltrademag.com/feed/: The read operation timed out
Traceback (most recent call last):
  File "/Users/nihalvootkoor/Documents/AutoSupplyChain/src/storage.py", line 208, in upsert_raw_articles
    cur.executemany(
psycopg2.OperationalError: server closed the connection unexpectedly
	This probably means the server terminated abnormally
	before or while processing the request.
server closed the connection unexpectedly
	This probably means the server terminated abnormally
	before or while processing the request.


During handling of the above exception, another exception occurred:

Traceback (most recent call last):
  File "/Users/nihalvootkoor/Documents/AutoSupplyChain/scripts/refresh_pipeline.py", line 60, in <module>
    raise SystemExit(main())
  File "/Users/nihalvootkoor/Documents/AutoSupplyChain/scripts/refresh_pipeline.py", line 40, in main
    stats = run_pipeline(config)
  File "/Users/nihalvootkoor/Documents/AutoSupplyChain/src/rss_ingest.py", line 235, in run_pipeline
    upsert_raw_articles(paths, [raw_to_row(article) for article in articles])
  File "/Users/nihalvootkoor/Documents/AutoSupplyChain/src/storage.py", line 208, in upsert_raw_articles
    cur.executemany(
psycopg2.InterfaceError: connection already closed
Traceback (most recent call last):
  File "/Users/nihalvootkoor/Documents/AutoSupplyChain/src/storage.py", line 208, in upsert_raw_articles
    cur.executemany(
psycopg2.OperationalError: server closed the connection unexpectedly
	This probably means the server terminated abnormally
	before or while processing the request.
server closed the connection unexpectedly
	This probably means the server terminated abnormally
	before or while processing the request.


During handling of the above exception, another exception occurred:

Traceback (most recent call last):
  File "/Users/nihalvootkoor/Documents/AutoSupplyChain/scripts/refresh_pipeline.py", line 60, in <module>
    raise SystemExit(main())
  File "/Users/nihalvootkoor/Documents/AutoSupplyChain/scripts/refresh_pipeline.py", line 40, in main
    stats = run_pipeline(config)
  File "/Users/nihalvootkoor/Documents/AutoSupplyChain/src/rss_ingest.py", line 235, in run_pipeline
    upsert_raw_articles(paths, [raw_to_row(article) for article in articles])
  File "/Users/nihalvootkoor/Documents/AutoSupplyChain/src/storage.py", line 208, in upsert_raw_articles
    cur.executemany(
psycopg2.InterfaceError: connection already closed
Traceback (most recent call last):
  File "/Users/nihalvootkoor/Documents/AutoSupplyChain/src/storage.py", line 208, in upsert_raw_articles
    cur.executemany(
psycopg2.OperationalError: server closed the connection unexpectedly
	This probably means the server terminated abnormally
	before or while processing the request.
server closed the connection unexpectedly
	This probably means the server terminated abnormally
	before or while processing the request.


During handling of the above exception, another exception occurred:

Traceback (most recent call last):
  File "/Users/nihalvootkoor/Documents/AutoSupplyChain/scripts/refresh_pipeline.py", line 60, in <module>
    raise SystemExit(main())
  File "/Users/nihalvootkoor/Documents/AutoSupplyChain/scripts/refresh_pipeline.py", line 40, in main
    stats = run_pipeline(config)
  File "/Users/nihalvootkoor/Documents/AutoSupplyChain/src/rss_ingest.py", line 235, in run_pipeline
    upsert_raw_articles(paths, [raw_to_row(article) for article in articles])
  File "/Users/nihalvootkoor/Documents/AutoSupplyChain/src/storage.py", line 208, in upsert_raw_articles
    cur.executemany(
psycopg2.InterfaceError: connection already closed
Traceback (most recent call last):
  File "/Users/nihalvootkoor/Documents/AutoSupplyChain/src/storage.py", line 208, in upsert_raw_articles
    cur.executemany(
psycopg2.OperationalError: server closed the connection unexpectedly
	This probably means the server terminated abnormally
	before or while processing the request.
server closed the connection unexpectedly
	This probably means the server terminated abnormally
	before or while processing the request.


During handling of the above exception, another exception occurred:

Traceback (most recent call last):
  File "/Users/nihalvootkoor/Documents/AutoSupplyChain/scripts/refresh_pipeline.py", line 60, in <module>
    raise SystemExit(main())
  File "/Users/nihalvootkoor/Documents/AutoSupplyChain/scripts/refresh_pipeline.py", line 40, in main
    stats = run_pipeline(config)
  File "/Users/nihalvootkoor/Documents/AutoSupplyChain/src/rss_ingest.py", line 235, in run_pipeline
    upsert_raw_articles(paths, [raw_to_row(article) for article in articles])
  File "/Users/nihalvootkoor/Documents/AutoSupplyChain/src/storage.py", line 208, in upsert_raw_articles
    cur.executemany(
psycopg2.InterfaceError: connection already closed
Failed to ingest https://www.automotiveworld.com/feed/: The read operation timed out
Traceback (most recent call last):
  File "/Users/nihalvootkoor/Documents/AutoSupplyChain/src/storage.py", line 208, in upsert_raw_articles
    cur.executemany(
psycopg2.OperationalError: server closed the connection unexpectedly
	This probably means the server terminated abnormally
	before or while processing the request.
server closed the connection unexpectedly
	This probably means the server terminated abnormally
	before or while processing the request.


During handling of the above exception, another exception occurred:

Traceback (most recent call last):
  File "/Users/nihalvootkoor/Documents/AutoSupplyChain/scripts/refresh_pipeline.py", line 60, in <module>
    raise SystemExit(main())
  File "/Users/nihalvootkoor/Documents/AutoSupplyChain/scripts/refresh_pipeline.py", line 40, in main
    stats = run_pipeline(config)
  File "/Users/nihalvootkoor/Documents/AutoSupplyChain/src/rss_ingest.py", line 235, in run_pipeline
    upsert_raw_articles(paths, [raw_to_row(article) for article in articles])
  File "/Users/nihalvootkoor/Documents/AutoSupplyChain/src/storage.py", line 208, in upsert_raw_articles
    cur.executemany(
psycopg2.InterfaceError: connection already closed
ERROR: Failed to initialize database: could not translate host name "aws-1-us-east-2.pooler.supabase.com" to address: nodename nor servname provided, or not known

Traceback (most recent call last):
  File "/Users/nihalvootkoor/Documents/AutoSupplyChain/src/storage.py", line 208, in upsert_raw_articles
    cur.executemany(
psycopg2.OperationalError: server closed the connection unexpectedly
	This probably means the server terminated abnormally
	before or while processing the request.
server closed the connection unexpectedly
	This probably means the server terminated abnormally
	before or while processing the request.


During handling of the above exception, another exception occurred:

Traceback (most recent call last):
  File "/Users/nihalvootkoor/Documents/AutoSupplyChain/scripts/refresh_pipeline.py", line 60, in <module>
    raise SystemExit(main())
  File "/Users/nihalvootkoor/Documents/AutoSupplyChain/scripts/refresh_pipeline.py", line 40, in main
    stats = run_pipeline(config)
  File "/Users/nihalvootkoor/Documents/AutoSupplyChain/src/rss_ingest.py", line 235, in run_pipeline
    upsert_raw_articles(paths, [raw_to_row(article) for article in articles])
  File "/Users/nihalvootkoor/Documents/AutoSupplyChain/src/storage.py", line 208, in upsert_raw_articles
    cur.executemany(
psycopg2.InterfaceError: connection already closed
ERROR: Failed to initialize database: could not translate host name "aws-1-us-east-2.pooler.supabase.com" to address: nodename nor servname provided, or not known

Traceback (most recent call last):
  File "/Users/nihalvootkoor/Documents/AutoSupplyChain/src/storage.py", line 208, in upsert_raw_articles
    cur.executemany(
psycopg2.OperationalError: server closed the connection unexpectedly
	This probably means the server terminated abnormally
	before or while processing the request.
server closed the connection unexpectedly
	This probably means the server terminated abnormally
	before or while processing the request.


During handling of the above exception, another exception occurred:

Traceback (most recent call last):
  File "/Users/nihalvootkoor/Documents/AutoSupplyChain/scripts/refresh_pipeline.py", line 60, in <module>
    raise SystemExit(main())
  File "/Users/nihalvootkoor/Documents/AutoSupplyChain/scripts/refresh_pipeline.py", line 40, in main
    stats = run_pipeline(config)
  File "/Users/nihalvootkoor/Documents/AutoSupplyChain/src/rss_ingest.py", line 235, in run_pipeline
    upsert_raw_articles(paths, [raw_to_row(article) for article in articles])
  File "/Users/nihalvootkoor/Documents/AutoSupplyChain/src/storage.py", line 208, in upsert_raw_articles
    cur.executemany(
psycopg2.InterfaceError: connection already closed
Traceback (most recent call last):
  File "/Users/nihalvootkoor/Documents/AutoSupplyChain/src/storage.py", line 208, in upsert_raw_articles
    cur.executemany(
psycopg2.OperationalError: could not receive data from server: Operation timed out
SSL SYSCALL error: Operation timed out


During handling of the above exception, another exception occurred:

Traceback (most recent call last):
  File "/Users/nihalvootkoor/Documents/AutoSupplyChain/scripts/refresh_pipeline.py", line 60, in <module>
    raise SystemExit(main())
  File "/Users/nihalvootkoor/Documents/AutoSupplyChain/scripts/refresh_pipeline.py", line 40, in main
    stats = run_pipeline(config)
  File "/Users/nihalvootkoor/Documents/AutoSupplyChain/src/rss_ingest.py", line 235, in run_pipeline
    upsert_raw_articles(paths, [raw_to_row(article) for article in articles])
  File "/Users/nihalvootkoor/Documents/AutoSupplyChain/src/storage.py", line 208, in upsert_raw_articles
    cur.executemany(
psycopg2.InterfaceError: connection already closed
